Using pre-set license
Built from '2020.3/release' branch; Version is '2020.3.31f1 (6b54b7616050) revision 7034039'; Using compiler version '192528614'; Build Type 'Release'
OS: 'Windows 10  (10.0.17134) 64bit Professional' Language: 'ru' Physical Memory: 16279 MB
BatchMode: 1, IsHumanControllingUs: 0, StartBugReporterOnCrash: 0, Is64bit: 1, IsPro: 0

COMMAND LINE ARGUMENTS:
I:\Program Files\2020.3.31f1\Editor\Unity.exe
-adb2
-batchMode
-noUpm
-name
AssetImportWorker0
-projectPath
C:/Users/Professional/Srybnyy_RPG_demolitions in the cemetery
-logFile
Logs/AssetImportWorker0.log
-srvPort
52034
Successfully changed project path to: C:/Users/Professional/Srybnyy_RPG_demolitions in the cemetery
C:/Users/Professional/Srybnyy_RPG_demolitions in the cemetery
Using Asset Import Pipeline V2.
Refreshing native plugins compatible for Editor in 32.27 ms, found 2 plugins.
Preloading 0 native plugins for Editor in 0.00 ms.
Initialize engine version: 2020.3.31f1 (6b54b7616050)
[Subsystems] Discovering subsystems at path I:/Program Files/2020.3.31f1/Editor/Data/Resources/UnitySubsystems
[Subsystems] Discovering subsystems at path C:/Users/Professional/Srybnyy_RPG_demolitions in the cemetery/Assets
GfxDevice: creating device client; threaded=0
Direct3D:
    Version:  Direct3D 11.0 [level 11.1]
    Renderer: NVIDIA GeForce GTX 1060 3GB (ID=0x1c02)
    Vendor:   
    VRAM:     2988 MB
    Driver:   30.0.14.9649
Initialize mono
Mono path[0] = 'I:/Program Files/2020.3.31f1/Editor/Data/Managed'
Mono path[1] = 'I:/Program Files/2020.3.31f1/Editor/Data/MonoBleedingEdge/lib/mono/unityjit'
Mono config path = 'I:/Program Files/2020.3.31f1/Editor/Data/MonoBleedingEdge/etc'
Using monoOptions --debugger-agent=transport=dt_socket,embedding=1,server=y,suspend=n,address=127.0.0.1:56300
Begin MonoManager ReloadAssembly
Registering precompiled unity dll's ...
Register platform support module: I:/Program Files/2020.3.31f1/Editor/Data/PlaybackEngines/WebGLSupport/UnityEditor.WebGL.Extensions.dll
Register platform support module: I:/Program Files/2020.3.31f1/Editor/Data/PlaybackEngines/WindowsStandaloneSupport/UnityEditor.WindowsStandalone.Extensions.dll
Registered in 0.001339 seconds.
Native extension for WindowsStandalone target not found
Native extension for WebGL target not found
Refreshing native plugins compatible for Editor in 32.56 ms, found 2 plugins.
Preloading 0 native plugins for Editor in 0.00 ms.
Mono: successfully reloaded assembly
- Completed reload, in  0.619 seconds
Domain Reload Profiling:
	ReloadAssembly (620ms)
		BeginReloadAssembly (71ms)
			ExecutionOrderSort (0ms)
			DisableScriptedObjects (0ms)
			BackupInstance (0ms)
			ReleaseScriptingObjects (0ms)
			CreateAndSetChildDomain (1ms)
		EndReloadAssembly (478ms)
			LoadAssemblies (70ms)
			RebuildTransferFunctionScriptingTraits (0ms)
			SetupTypeCache (166ms)
			ReleaseScriptCaches (0ms)
			RebuildScriptCaches (32ms)
			SetupLoadedEditorAssemblies (178ms)
				LogAssemblyErrors (0ms)
				InitializePlatformSupportModulesInManaged (6ms)
				SetLoadedEditorAssemblies (0ms)
				RefreshPlugins (33ms)
				BeforeProcessingInitializeOnLoad (9ms)
				ProcessInitializeOnLoadAttributes (98ms)
				ProcessInitializeOnLoadMethodAttributes (32ms)
				AfterProcessingInitializeOnLoad (0ms)
				EditorAssembliesLoaded (0ms)
			ExecutionOrderSort2 (0ms)
			AwakeInstancesAfterBackupRestoration (0ms)
Platform modules already initialized, skipping
Registering precompiled user dll's ...
Registered in 0.002485 seconds.
Begin MonoManager ReloadAssembly
Native extension for WindowsStandalone target not found
Native extension for WebGL target not found
Refreshing native plugins compatible for Editor in 0.37 ms, found 2 plugins.
Preloading 0 native plugins for Editor in 0.00 ms.
Mono: successfully reloaded assembly
- Completed reload, in  1.128 seconds
Domain Reload Profiling:
	ReloadAssembly (1129ms)
		BeginReloadAssembly (162ms)
			ExecutionOrderSort (0ms)
			DisableScriptedObjects (6ms)
			BackupInstance (0ms)
			ReleaseScriptingObjects (0ms)
			CreateAndSetChildDomain (21ms)
		EndReloadAssembly (906ms)
			LoadAssemblies (105ms)
			RebuildTransferFunctionScriptingTraits (0ms)
			SetupTypeCache (320ms)
			ReleaseScriptCaches (0ms)
			RebuildScriptCaches (48ms)
			SetupLoadedEditorAssemblies (326ms)
				LogAssemblyErrors (0ms)
				InitializePlatformSupportModulesInManaged (7ms)
				SetLoadedEditorAssemblies (1ms)
				RefreshPlugins (1ms)
				BeforeProcessingInitializeOnLoad (61ms)
				ProcessInitializeOnLoadAttributes (242ms)
				ProcessInitializeOnLoadMethodAttributes (12ms)
				AfterProcessingInitializeOnLoad (2ms)
				EditorAssembliesLoaded (0ms)
			ExecutionOrderSort2 (0ms)
			AwakeInstancesAfterBackupRestoration (8ms)
Platform modules already initialized, skipping
========================================================================
Worker process is ready to serve import requests
Launched and connected shader compiler UnityShaderCompiler.exe after 0.04 seconds
Refreshing native plugins compatible for Editor in 0.35 ms, found 2 plugins.
Preloading 0 native plugins for Editor in 0.00 ms.
Unloading 1506 Unused Serialized files (Serialized files now loaded: 0)
System memory in use before: 68.5 MB.
System memory in use after: 68.6 MB.

Unloading 16 unused Assets to reduce memory usage. Loaded Objects now: 1942.
Total: 3.581437 ms (FindLiveObjects: 0.219161 ms CreateObjectMapping: 0.124372 ms MarkObjects: 3.127720 ms  DeleteObjects: 0.108373 ms)

AssetImportParameters requested are different than current active one (requested -> active):
  custom:framework-win-MediaFoundation: 216162199b28c13a410421893ffa2e32 -> 
  custom:video-decoder-ogg-theora: a1e56fd34408186e4bbccfd4996cb3dc -> 
  custom:container-muxer-webm: aa71ff27fc2769a1b78a27578f13a17b -> 
  custom:container-demuxer-webm: 4f35f7cbe854078d1ac9338744f61a02 -> 
  custom:container-demuxer-ogg: 62fdf1f143b41e24485cea50d1cbac27 -> 
  custom:video-encoder-webm-vp8: eb34c28f22e8b96e1ab97ce403110664 -> 
  custom:video-decoder-webm-vp8: 9c59270c3fd7afecdb556c50c9e8de78 -> 
  custom:audio-decoder-ogg-vorbis: bf7c407c2cedff20999df2af8eb42d56 -> 
  custom:audio-encoder-webm-vorbis: bf7c407c2cedff20999df2af8eb42d56 -> 
========================================================================
Received Import Request.
  path: Assets/Model
  artifactKey: Guid(ab51750f5e0f3854d99e143cd6acdd44) Importer(815301076,1909f56bfc062723c751e8b465ee728b)
Start importing Assets/Model using Guid(ab51750f5e0f3854d99e143cd6acdd44) Importer(815301076,1909f56bfc062723c751e8b465ee728b)  -> (artifact id: '93e5a9acfe8f94c5d4e4ea9905ffb3e3') in 0.052764 seconds 
========================================================================
Received Import Request.
  Time since last request: 33.856788 seconds.
  path: Assets/Animation
  artifactKey: Guid(deb22e973a2c4cc4a884f4e0f637ab98) Importer(815301076,1909f56bfc062723c751e8b465ee728b)
Start importing Assets/Animation using Guid(deb22e973a2c4cc4a884f4e0f637ab98) Importer(815301076,1909f56bfc062723c751e8b465ee728b)  -> (artifact id: '35d508677d040cc88c8779f942a40399') in 0.028596 seconds 
========================================================================
Received Import Request.
  Time since last request: 34.924920 seconds.
  path: Assets/Prefab
  artifactKey: Guid(3d15c1a1af4bf57449539cc11c18dc9d) Importer(815301076,1909f56bfc062723c751e8b465ee728b)
Start importing Assets/Prefab using Guid(3d15c1a1af4bf57449539cc11c18dc9d) Importer(815301076,1909f56bfc062723c751e8b465ee728b)  -> (artifact id: 'd0029b30c7a967e852f402247affa428') in 0.039300 seconds 
========================================================================
Received Import Request.
  Time since last request: 25.398908 seconds.
  path: Assets/Scripts
  artifactKey: Guid(7fb28524f149dda458bac7addb58503c) Importer(815301076,1909f56bfc062723c751e8b465ee728b)
Start importing Assets/Scripts using Guid(7fb28524f149dda458bac7addb58503c) Importer(815301076,1909f56bfc062723c751e8b465ee728b)  -> (artifact id: 'c3f275211303ebb10d0f878d61441e9b') in 0.040793 seconds 
========================================================================
Received Import Request.
  Time since last request: 81.925032 seconds.
  path: Assets/Downloads
  artifactKey: Guid(8ede82f4b8b3d3f4c99a19456f3a3f69) Importer(815301076,1909f56bfc062723c751e8b465ee728b)
Start importing Assets/Downloads using Guid(8ede82f4b8b3d3f4c99a19456f3a3f69) Importer(815301076,1909f56bfc062723c751e8b465ee728b)  -> (artifact id: 'ec83dfff300c0e3824b2d85073b5edf7') in 0.028684 seconds 
========================================================================
Received Import Request.
  Time since last request: 336.703185 seconds.
  path: Assets/Scenes/SampleScene.unity
  artifactKey: Guid(9fc0d4010bbf28b4594072e72b8655ab) Importer(815301076,1909f56bfc062723c751e8b465ee728b)
Start importing Assets/Scenes/SampleScene.unity using Guid(9fc0d4010bbf28b4594072e72b8655ab) Importer(815301076,1909f56bfc062723c751e8b465ee728b)  -> (artifact id: '94c55409359c0051422e58de30b0573d') in 0.051379 seconds 
========================================================================
Received Import Request.
  Time since last request: 136.596360 seconds.
  path: Assets/Downloads/Meshtint Free Knight/FBX/Meshtint Free Knight.FBX
  artifactKey: Guid(445581dbfbbea06408d552fa1aca77fc) Importer(815301076,1909f56bfc062723c751e8b465ee728b)
Start importing Assets/Downloads/Meshtint Free Knight/FBX/Meshtint Free Knight.FBX using Guid(445581dbfbbea06408d552fa1aca77fc) Importer(815301076,1909f56bfc062723c751e8b465ee728b)  -> (artifact id: 'a3762f955b7b5c656abe1782e3b85d7a') in 0.938004 seconds 
========================================================================
Received Import Request.
  Time since last request: 0.000412 seconds.
  path: Assets/Downloads/Meshtint Free Knight/FBX/Sword.FBX
  artifactKey: Guid(17e462df654aa664683c1e9f5eed62bf) Importer(815301076,1909f56bfc062723c751e8b465ee728b)
Start importing Assets/Downloads/Meshtint Free Knight/FBX/Sword.FBX using Guid(17e462df654aa664683c1e9f5eed62bf) Importer(815301076,1909f56bfc062723c751e8b465ee728b)  -> (artifact id: 'dd6484efc00bd5253686b3ca833b53f4') in 0.093630 seconds 
========================================================================
Received Import Request.
  Time since last request: 0.000549 seconds.
  path: Assets/Downloads/Meshtint Free Knight/FBX/Shield.FBX
  artifactKey: Guid(8f414378dccad1146bbee06522d6d242) Importer(815301076,1909f56bfc062723c751e8b465ee728b)
Start importing Assets/Downloads/Meshtint Free Knight/FBX/Shield.FBX using Guid(8f414378dccad1146bbee06522d6d242) Importer(815301076,1909f56bfc062723c751e8b465ee728b)  -> (artifact id: '5185eda3b7a9c686dcf92d74d109db6b') in 0.076811 seconds 
========================================================================
Received Import Request.
  Time since last request: 0.000453 seconds.
  path: Assets/Downloads/Meshtint Free Knight/FBX/Meshtint Free Knight@Battle Idle.FBX
  artifactKey: Guid(db4eaab5d375e8844851ce3cf2165adc) Importer(815301076,1909f56bfc062723c751e8b465ee728b)
Start importing Assets/Downloads/Meshtint Free Knight/FBX/Meshtint Free Knight@Battle Idle.FBX using Guid(db4eaab5d375e8844851ce3cf2165adc) Importer(815301076,1909f56bfc062723c751e8b465ee728b)  -> (artifact id: '2f16a2cf9343edfbb1ef7de1a621c0a3') in 0.074603 seconds 
========================================================================
Received Import Request.
  Time since last request: 20.901435 seconds.
  path: Assets/Downloads/Meshtint Free Knight/UI/Important!!! Read me.prefab
  artifactKey: Guid(2eb6d9a882a95a54f97244f20bddea01) Importer(815301076,1909f56bfc062723c751e8b465ee728b)
Start importing Assets/Downloads/Meshtint Free Knight/UI/Important!!! Read me.prefab using Guid(2eb6d9a882a95a54f97244f20bddea01) Importer(815301076,1909f56bfc062723c751e8b465ee728b)  -> (artifact id: 'f73a6652a6fc37bf9ae31b47232f7242') in 0.043006 seconds 
========================================================================
Received Import Request.
  Time since last request: 0.000497 seconds.
  path: Assets/Downloads/Meshtint Free Knight/Prefabs/Meshtint Free Knight.prefab
  artifactKey: Guid(5b5b1958cdf88ce49989e326859b9572) Importer(815301076,1909f56bfc062723c751e8b465ee728b)
Start importing Assets/Downloads/Meshtint Free Knight/Prefabs/Meshtint Free Knight.prefab using Guid(5b5b1958cdf88ce49989e326859b9572) Importer(815301076,1909f56bfc062723c751e8b465ee728b)  -> (artifact id: '0f94ed10da07c9121fecb1ebb473c62c') in 0.237133 seconds 
========================================================================
Received Import Request.
  Time since last request: 749.511818 seconds.
  path: Assets/_TerrainAutoUpgrade/layer_ground02ddfc8d7f3483abd.terrainlayer
  artifactKey: Guid(9eac87e9f189c6e469403d936659485d) Importer(815301076,1909f56bfc062723c751e8b465ee728b)
Start importing Assets/_TerrainAutoUpgrade/layer_ground02ddfc8d7f3483abd.terrainlayer using Guid(9eac87e9f189c6e469403d936659485d) Importer(815301076,1909f56bfc062723c751e8b465ee728b)  -> (artifact id: '9f797300aebf0771d9812880602db72d') in 0.127919 seconds 
========================================================================
Received Import Request.
  Time since last request: 0.000600 seconds.
  path: Assets/_TerrainAutoUpgrade/layer_ground038f9406e577a89d2d.terrainlayer
  artifactKey: Guid(8c796a5e31f2b08449b7dcb717d9a7f6) Importer(815301076,1909f56bfc062723c751e8b465ee728b)
Start importing Assets/_TerrainAutoUpgrade/layer_ground038f9406e577a89d2d.terrainlayer using Guid(8c796a5e31f2b08449b7dcb717d9a7f6) Importer(815301076,1909f56bfc062723c751e8b465ee728b)  -> (artifact id: '4f8863393ee2cc8d397c9914bf727f57') in 0.074545 seconds 
========================================================================
Received Import Request.
  Time since last request: 0.000585 seconds.
  path: Assets/_TerrainAutoUpgrade/layer_ground012023054508611406.terrainlayer
  artifactKey: Guid(974aaf09e4edfdb419f64ba320e5599d) Importer(815301076,1909f56bfc062723c751e8b465ee728b)
Start importing Assets/_TerrainAutoUpgrade/layer_ground012023054508611406.terrainlayer using Guid(974aaf09e4edfdb419f64ba320e5599d) Importer(815301076,1909f56bfc062723c751e8b465ee728b)  -> (artifact id: '8ac2921df00e63919626d2841351d9d3') in 0.086835 seconds 
========================================================================
Received Import Request.
  Time since last request: 0.000516 seconds.
  path: Assets/_TerrainAutoUpgrade/layer_ground01793646612c42751.terrainlayer
  artifactKey: Guid(1ae57fe5d1ef22442914db7d4b0608d9) Importer(815301076,1909f56bfc062723c751e8b465ee728b)
Start importing Assets/_TerrainAutoUpgrade/layer_ground01793646612c42751.terrainlayer using Guid(1ae57fe5d1ef22442914db7d4b0608d9) Importer(815301076,1909f56bfc062723c751e8b465ee728b)  -> (artifact id: '2fdca7518f6d699a8c4ca113120a1f9d') in 0.087449 seconds 
========================================================================
Received Import Request.
  Time since last request: 106.585950 seconds.
  path: Assets/Downloads/LowPolyDungeonsLite/Models
  artifactKey: Guid(0e8997ca604971843a36c13cc2dca678) Importer(815301076,1909f56bfc062723c751e8b465ee728b)
Start importing Assets/Downloads/LowPolyDungeonsLite/Models using Guid(0e8997ca604971843a36c13cc2dca678) Importer(815301076,1909f56bfc062723c751e8b465ee728b)  -> (artifact id: '376c13e63cf64d3f32d3240316591c3e') in 0.039287 seconds 
========================================================================
Received Import Request.
  Time since last request: 0.023885 seconds.
  path: Assets/Downloads/LowPolyDungeonsLite/Models/Book_09.fbx
  artifactKey: Guid(dd85c4003e86ea24b9d5486aa770f3a2) Importer(815301076,1909f56bfc062723c751e8b465ee728b)
Start importing Assets/Downloads/LowPolyDungeonsLite/Models/Book_09.fbx using Guid(dd85c4003e86ea24b9d5486aa770f3a2) Importer(815301076,1909f56bfc062723c751e8b465ee728b)  -> (artifact id: '9b7ed847c7b796944bfa0a01fbbf4be3') in 0.088959 seconds 
========================================================================
Received Import Request.
  Time since last request: 0.000552 seconds.
  path: Assets/Downloads/LowPolyDungeonsLite/Models/Pot_01.fbx
  artifactKey: Guid(ea68aa111adc3264f9968657e12cc86a) Importer(815301076,1909f56bfc062723c751e8b465ee728b)
Start importing Assets/Downloads/LowPolyDungeonsLite/Models/Pot_01.fbx using Guid(ea68aa111adc3264f9968657e12cc86a) Importer(815301076,1909f56bfc062723c751e8b465ee728b)  -> (artifact id: 'a006bed036732de14f27530fd6ef741e') in 0.078591 seconds 
========================================================================
Received Import Request.
  Time since last request: 0.000469 seconds.
  path: Assets/Downloads/LowPolyDungeonsLite/Models/Wall_27.fbx
  artifactKey: Guid(657987f19f0767d4f81541198f8e3eff) Importer(815301076,1909f56bfc062723c751e8b465ee728b)
Start importing Assets/Downloads/LowPolyDungeonsLite/Models/Wall_27.fbx using Guid(657987f19f0767d4f81541198f8e3eff) Importer(815301076,1909f56bfc062723c751e8b465ee728b)  -> (artifact id: '72f0577325fffb02f34d1f7ce78c9c8b') in 0.069682 seconds 
========================================================================
Received Import Request.
  Time since last request: 0.000518 seconds.
  path: Assets/Downloads/LowPolyDungeonsLite/Models/Ground_03.fbx
  artifactKey: Guid(9cf4216d74f9e92458acdc136e73dd07) Importer(815301076,1909f56bfc062723c751e8b465ee728b)
Start importing Assets/Downloads/LowPolyDungeonsLite/Models/Ground_03.fbx using Guid(9cf4216d74f9e92458acdc136e73dd07) Importer(815301076,1909f56bfc062723c751e8b465ee728b)  -> (artifact id: 'fed22fa9d3eb58c1ece8dc1c7ddf3402') in 0.070524 seconds 
========================================================================
Received Import Request.
  Time since last request: 0.000482 seconds.
  path: Assets/Downloads/LowPolyDungeonsLite/Models/Table_01.fbx
  artifactKey: Guid(d6d2f7aefe8e8cb4aac4725d78e70fde) Importer(815301076,1909f56bfc062723c751e8b465ee728b)
Start importing Assets/Downloads/LowPolyDungeonsLite/Models/Table_01.fbx using Guid(d6d2f7aefe8e8cb4aac4725d78e70fde) Importer(815301076,1909f56bfc062723c751e8b465ee728b)  -> (artifact id: 'a482aeaca36966cf017b651831fd2ae7') in 0.067598 seconds 
========================================================================
Received Import Request.
  Time since last request: 0.000463 seconds.
  path: Assets/Downloads/LowPolyDungeonsLite/Models/Box_02.fbx
  artifactKey: Guid(8257fe5fd024e1640b84edb679463fd9) Importer(815301076,1909f56bfc062723c751e8b465ee728b)
Start importing Assets/Downloads/LowPolyDungeonsLite/Models/Box_02.fbx using Guid(8257fe5fd024e1640b84edb679463fd9) Importer(815301076,1909f56bfc062723c751e8b465ee728b)  -> (artifact id: '694f44edc427331fadc736003dd206aa') in 0.081491 seconds 
========================================================================
Received Import Request.
  Time since last request: 0.000473 seconds.
  path: Assets/Downloads/LowPolyDungeonsLite/Models/Wood_02.fbx
  artifactKey: Guid(e8f98bd8e8aa901469815fc68e3094aa) Importer(815301076,1909f56bfc062723c751e8b465ee728b)
Start importing Assets/Downloads/LowPolyDungeonsLite/Models/Wood_02.fbx using Guid(e8f98bd8e8aa901469815fc68e3094aa) Importer(815301076,1909f56bfc062723c751e8b465ee728b)  -> (artifact id: '32df30edd823c1207710a741816330d4') in 0.078840 seconds 
========================================================================
Received Import Request.
  Time since last request: 0.000618 seconds.
  path: Assets/Downloads/LowPolyDungeonsLite/Models/Chair_05.fbx
  artifactKey: Guid(d51ff80ee7d069542b138da061286520) Importer(815301076,1909f56bfc062723c751e8b465ee728b)
Start importing Assets/Downloads/LowPolyDungeonsLite/Models/Chair_05.fbx using Guid(d51ff80ee7d069542b138da061286520) Importer(815301076,1909f56bfc062723c751e8b465ee728b)  -> (artifact id: '19eaf35d74105e36f4e5121785b3e5b9') in 0.089500 seconds 
========================================================================
Received Import Request.
  Time since last request: 0.000456 seconds.
  path: Assets/Downloads/LowPolyDungeonsLite/Models/Column_01.fbx
  artifactKey: Guid(1bff7d79ae1b141448f2db1e49eb3c81) Importer(815301076,1909f56bfc062723c751e8b465ee728b)
Start importing Assets/Downloads/LowPolyDungeonsLite/Models/Column_01.fbx using Guid(1bff7d79ae1b141448f2db1e49eb3c81) Importer(815301076,1909f56bfc062723c751e8b465ee728b)  -> (artifact id: '660912596341e43e21548ba22d117b1a') in 0.088785 seconds 
========================================================================
Received Import Request.
  Time since last request: 0.000587 seconds.
  path: Assets/Downloads/LowPolyDungeonsLite/Models/Rock_01.fbx
  artifactKey: Guid(35b57be42e294d546baff933e1fef874) Importer(815301076,1909f56bfc062723c751e8b465ee728b)
Start importing Assets/Downloads/LowPolyDungeonsLite/Models/Rock_01.fbx using Guid(35b57be42e294d546baff933e1fef874) Importer(815301076,1909f56bfc062723c751e8b465ee728b)  -> (artifact id: 'c2ae7696d9e84d7ecb5a3d0b97891e59') in 0.091961 seconds 
========================================================================
Received Import Request.
  Time since last request: 0.000526 seconds.
  path: Assets/Downloads/LowPolyDungeonsLite/Models/Ground_01.fbx
  artifactKey: Guid(542f964f9d702f74d949482dfe0e0e8f) Importer(815301076,1909f56bfc062723c751e8b465ee728b)
Start importing Assets/Downloads/LowPolyDungeonsLite/Models/Ground_01.fbx using Guid(542f964f9d702f74d949482dfe0e0e8f) Importer(815301076,1909f56bfc062723c751e8b465ee728b)  -> (artifact id: 'ddad0a14d41c7e5011e73b789e1191ac') in 0.071000 seconds 
========================================================================
Received Import Request.
  Time since last request: 0.000517 seconds.
  path: Assets/Downloads/LowPolyDungeonsLite/Models/Jug_02.fbx
  artifactKey: Guid(ddaa7d6b7ae32864ebb3dc8ba1c6dd83) Importer(815301076,1909f56bfc062723c751e8b465ee728b)
Start importing Assets/Downloads/LowPolyDungeonsLite/Models/Jug_02.fbx using Guid(ddaa7d6b7ae32864ebb3dc8ba1c6dd83) Importer(815301076,1909f56bfc062723c751e8b465ee728b)  -> (artifact id: '12d55328002139aff7158cab5b783180') in 0.098390 seconds 
========================================================================
Received Import Request.
  Time since last request: 0.000507 seconds.
  path: Assets/Downloads/LowPolyDungeonsLite/Models/Mud_04.fbx
  artifactKey: Guid(5fc50f02975300c4fbb07bf974b4815b) Importer(815301076,1909f56bfc062723c751e8b465ee728b)
Start importing Assets/Downloads/LowPolyDungeonsLite/Models/Mud_04.fbx using Guid(5fc50f02975300c4fbb07bf974b4815b) Importer(815301076,1909f56bfc062723c751e8b465ee728b)  -> (artifact id: 'f76cfaf7b54072c19a03df004901c284') in 0.060931 seconds 
========================================================================
Received Import Request.
  Time since last request: 0.000475 seconds.
  path: Assets/Downloads/LowPolyDungeonsLite/Models/Bottle_05.fbx
  artifactKey: Guid(1f3ab9073fa6aed4bbec9d3a54b89a27) Importer(815301076,1909f56bfc062723c751e8b465ee728b)
Start importing Assets/Downloads/LowPolyDungeonsLite/Models/Bottle_05.fbx using Guid(1f3ab9073fa6aed4bbec9d3a54b89a27) Importer(815301076,1909f56bfc062723c751e8b465ee728b)  -> (artifact id: '81a15ca51579c1eb96a0baae3efb1d1f') in 0.080079 seconds 
========================================================================
Received Import Request.
  Time since last request: 0.000607 seconds.
  path: Assets/Downloads/LowPolyDungeonsLite/Models/Candle_01.fbx
  artifactKey: Guid(0e94f8f9621dc254ca920f620b8e454e) Importer(815301076,1909f56bfc062723c751e8b465ee728b)
Start importing Assets/Downloads/LowPolyDungeonsLite/Models/Candle_01.fbx using Guid(0e94f8f9621dc254ca920f620b8e454e) Importer(815301076,1909f56bfc062723c751e8b465ee728b)  -> (artifact id: '1e92653f7291bfeb478584745242bcaf') in 0.068661 seconds 
========================================================================
Received Import Request.
  Time since last request: 0.000662 seconds.
  path: Assets/Downloads/LowPolyDungeonsLite/Models/Light_08.fbx
  artifactKey: Guid(a572b7e4c3d8eb446823b4269e41cb5d) Importer(815301076,1909f56bfc062723c751e8b465ee728b)
Start importing Assets/Downloads/LowPolyDungeonsLite/Models/Light_08.fbx using Guid(a572b7e4c3d8eb446823b4269e41cb5d) Importer(815301076,1909f56bfc062723c751e8b465ee728b)  -> (artifact id: '643bf7f28f44b8870fc96a8b29e6cd8b') in 0.058900 seconds 
========================================================================
Received Import Request.
  Time since last request: 0.000516 seconds.
  path: Assets/Downloads/LowPolyDungeonsLite/Models/WallDecor_05.fbx
  artifactKey: Guid(cde161403e4daa841897213ea28384a5) Importer(815301076,1909f56bfc062723c751e8b465ee728b)
Start importing Assets/Downloads/LowPolyDungeonsLite/Models/WallDecor_05.fbx using Guid(cde161403e4daa841897213ea28384a5) Importer(815301076,1909f56bfc062723c751e8b465ee728b)  -> (artifact id: '24e1e1e809f6dabda396d20f0b27889f') in 0.079760 seconds 
========================================================================
Received Import Request.
  Time since last request: 313.577954 seconds.
  path: Assets/Downloads/NatureStarterKit2/Standard Assets/Effects/TessellationShaders/Models/LowPolySphere.fbx
  artifactKey: Guid(103612e5e1ff43a4e896c567a2cb3ae1) Importer(815301076,1909f56bfc062723c751e8b465ee728b)
Start importing Assets/Downloads/NatureStarterKit2/Standard Assets/Effects/TessellationShaders/Models/LowPolySphere.fbx using Guid(103612e5e1ff43a4e896c567a2cb3ae1) Importer(815301076,1909f56bfc062723c751e8b465ee728b)  -> (artifact id: 'c44d57e7175786f62937ff22230a3393') in 0.077886 seconds 
========================================================================
Received Import Request.
  Time since last request: 64.071243 seconds.
  path: Assets/Downloads/Meshtint Free Knight/Materials/Blue.mat
  artifactKey: Guid(c0c7e3518cd06bd499fe69cdba52c9e6) Importer(815301076,1909f56bfc062723c751e8b465ee728b)
Start importing Assets/Downloads/Meshtint Free Knight/Materials/Blue.mat using Guid(c0c7e3518cd06bd499fe69cdba52c9e6) Importer(815301076,1909f56bfc062723c751e8b465ee728b)  -> (artifact id: '54918e0b3062daf2c9b9b9b1085d215e') in 0.132746 seconds 
========================================================================
Received Import Request.
  Time since last request: 0.000594 seconds.
  path: Assets/Downloads/Meshtint Free Knight/Materials/Grid.mat
  artifactKey: Guid(83d6308377af6b14fb533010a9228692) Importer(815301076,1909f56bfc062723c751e8b465ee728b)
Start importing Assets/Downloads/Meshtint Free Knight/Materials/Grid.mat using Guid(83d6308377af6b14fb533010a9228692) Importer(815301076,1909f56bfc062723c751e8b465ee728b)  -> (artifact id: '2a83bc94b17c1f505dd1d130a189e1a7') in 0.062943 seconds 
========================================================================
Received Import Request.
  Time since last request: 1.306679 seconds.
  path: Assets/Downloads/Meshtint Free Knight/Post Processing Profile/PPP.asset
  artifactKey: Guid(4989ef6ec451fd54d94a6b451ce1df4f) Importer(815301076,1909f56bfc062723c751e8b465ee728b)
Start importing Assets/Downloads/Meshtint Free Knight/Post Processing Profile/PPP.asset using Guid(4989ef6ec451fd54d94a6b451ce1df4f) Importer(815301076,1909f56bfc062723c751e8b465ee728b)  -> (artifact id: 'c6d65988598f202f1d6188a6e1f7ef4f') in 0.052498 seconds 
========================================================================
Received Import Request.
  Time since last request: 231.891011 seconds.
  path: Assets/Scripts/Player.cs
  artifactKey: Guid(34154b28b64c47c4197c284e01ccaed6) Importer(815301076,1909f56bfc062723c751e8b465ee728b)
Start importing Assets/Scripts/Player.cs using Guid(34154b28b64c47c4197c284e01ccaed6) Importer(815301076,1909f56bfc062723c751e8b465ee728b)  -> (artifact id: 'f45bf6b7472a39b9d3e9d6208662d61b') in 0.235647 seconds 
