Using pre-set license
Built from '2020.3/release' branch; Version is '2020.3.31f1 (6b54b7616050) revision 7034039'; Using compiler version '192528614'; Build Type 'Release'
OS: 'Windows 10  (10.0.17134) 64bit Professional' Language: 'ru' Physical Memory: 16279 MB
BatchMode: 1, IsHumanControllingUs: 0, StartBugReporterOnCrash: 0, Is64bit: 1, IsPro: 0

COMMAND LINE ARGUMENTS:
I:\Program Files\2020.3.31f1\Editor\Unity.exe
-adb2
-batchMode
-noUpm
-name
AssetImportWorker0
-projectPath
C:/Users/Professional/Srybnyy_RPG_demolitions in the cemetery
-logFile
Logs/AssetImportWorker0.log
-srvPort
50796
Successfully changed project path to: C:/Users/Professional/Srybnyy_RPG_demolitions in the cemetery
C:/Users/Professional/Srybnyy_RPG_demolitions in the cemetery
Using Asset Import Pipeline V2.
Refreshing native plugins compatible for Editor in 37.93 ms, found 2 plugins.
Preloading 0 native plugins for Editor in 0.00 ms.
Initialize engine version: 2020.3.31f1 (6b54b7616050)
[Subsystems] Discovering subsystems at path I:/Program Files/2020.3.31f1/Editor/Data/Resources/UnitySubsystems
[Subsystems] Discovering subsystems at path C:/Users/Professional/Srybnyy_RPG_demolitions in the cemetery/Assets
GfxDevice: creating device client; threaded=0
Direct3D:
    Version:  Direct3D 11.0 [level 11.1]
    Renderer: NVIDIA GeForce GTX 1060 3GB (ID=0x1c02)
    Vendor:   
    VRAM:     2988 MB
    Driver:   30.0.14.9649
Initialize mono
Mono path[0] = 'I:/Program Files/2020.3.31f1/Editor/Data/Managed'
Mono path[1] = 'I:/Program Files/2020.3.31f1/Editor/Data/MonoBleedingEdge/lib/mono/unityjit'
Mono config path = 'I:/Program Files/2020.3.31f1/Editor/Data/MonoBleedingEdge/etc'
Using monoOptions --debugger-agent=transport=dt_socket,embedding=1,server=y,suspend=n,address=127.0.0.1:56172
Begin MonoManager ReloadAssembly
Registering precompiled unity dll's ...
Register platform support module: I:/Program Files/2020.3.31f1/Editor/Data/PlaybackEngines/WebGLSupport/UnityEditor.WebGL.Extensions.dll
Register platform support module: I:/Program Files/2020.3.31f1/Editor/Data/PlaybackEngines/WindowsStandaloneSupport/UnityEditor.WindowsStandalone.Extensions.dll
Registered in 0.001449 seconds.
Native extension for WindowsStandalone target not found
Native extension for WebGL target not found
Refreshing native plugins compatible for Editor in 37.59 ms, found 2 plugins.
Preloading 0 native plugins for Editor in 0.00 ms.
Mono: successfully reloaded assembly
- Completed reload, in  0.627 seconds
Domain Reload Profiling:
	ReloadAssembly (628ms)
		BeginReloadAssembly (66ms)
			ExecutionOrderSort (0ms)
			DisableScriptedObjects (0ms)
			BackupInstance (0ms)
			ReleaseScriptingObjects (0ms)
			CreateAndSetChildDomain (1ms)
		EndReloadAssembly (489ms)
			LoadAssemblies (65ms)
			RebuildTransferFunctionScriptingTraits (0ms)
			SetupTypeCache (171ms)
			ReleaseScriptCaches (0ms)
			RebuildScriptCaches (34ms)
			SetupLoadedEditorAssemblies (180ms)
				LogAssemblyErrors (0ms)
				InitializePlatformSupportModulesInManaged (6ms)
				SetLoadedEditorAssemblies (0ms)
				RefreshPlugins (38ms)
				BeforeProcessingInitializeOnLoad (9ms)
				ProcessInitializeOnLoadAttributes (92ms)
				ProcessInitializeOnLoadMethodAttributes (34ms)
				AfterProcessingInitializeOnLoad (0ms)
				EditorAssembliesLoaded (0ms)
			ExecutionOrderSort2 (0ms)
			AwakeInstancesAfterBackupRestoration (0ms)
Platform modules already initialized, skipping
Registering precompiled user dll's ...
Registered in 0.002381 seconds.
Begin MonoManager ReloadAssembly
Native extension for WindowsStandalone target not found
Native extension for WebGL target not found
Refreshing native plugins compatible for Editor in 0.40 ms, found 2 plugins.
Preloading 0 native plugins for Editor in 0.00 ms.
Mono: successfully reloaded assembly
- Completed reload, in  1.060 seconds
Domain Reload Profiling:
	ReloadAssembly (1061ms)
		BeginReloadAssembly (165ms)
			ExecutionOrderSort (0ms)
			DisableScriptedObjects (5ms)
			BackupInstance (0ms)
			ReleaseScriptingObjects (0ms)
			CreateAndSetChildDomain (22ms)
		EndReloadAssembly (836ms)
			LoadAssemblies (99ms)
			RebuildTransferFunctionScriptingTraits (0ms)
			SetupTypeCache (297ms)
			ReleaseScriptCaches (0ms)
			RebuildScriptCaches (46ms)
			SetupLoadedEditorAssemblies (303ms)
				LogAssemblyErrors (0ms)
				InitializePlatformSupportModulesInManaged (6ms)
				SetLoadedEditorAssemblies (1ms)
				RefreshPlugins (1ms)
				BeforeProcessingInitializeOnLoad (56ms)
				ProcessInitializeOnLoadAttributes (227ms)
				ProcessInitializeOnLoadMethodAttributes (10ms)
				AfterProcessingInitializeOnLoad (2ms)
				EditorAssembliesLoaded (0ms)
			ExecutionOrderSort2 (0ms)
			AwakeInstancesAfterBackupRestoration (7ms)
Platform modules already initialized, skipping
========================================================================
Worker process is ready to serve import requests
Launched and connected shader compiler UnityShaderCompiler.exe after 0.03 seconds
Refreshing native plugins compatible for Editor in 0.42 ms, found 2 plugins.
Preloading 0 native plugins for Editor in 0.00 ms.
Unloading 1633 Unused Serialized files (Serialized files now loaded: 0)
System memory in use before: 89.6 MB.
System memory in use after: 89.3 MB.

Unloading 18 unused Assets to reduce memory usage. Loaded Objects now: 2070.
Total: 3.692527 ms (FindLiveObjects: 0.198030 ms CreateObjectMapping: 0.136447 ms MarkObjects: 2.998216 ms  DeleteObjects: 0.358023 ms)

AssetImportParameters requested are different than current active one (requested -> active):
  custom:framework-win-MediaFoundation: 216162199b28c13a410421893ffa2e32 -> 
  custom:video-decoder-ogg-theora: a1e56fd34408186e4bbccfd4996cb3dc -> 
  custom:container-muxer-webm: aa71ff27fc2769a1b78a27578f13a17b -> 
  custom:container-demuxer-webm: 4f35f7cbe854078d1ac9338744f61a02 -> 
  custom:container-demuxer-ogg: 62fdf1f143b41e24485cea50d1cbac27 -> 
  custom:video-encoder-webm-vp8: eb34c28f22e8b96e1ab97ce403110664 -> 
  custom:video-decoder-webm-vp8: 9c59270c3fd7afecdb556c50c9e8de78 -> 
  custom:audio-decoder-ogg-vorbis: bf7c407c2cedff20999df2af8eb42d56 -> 
  custom:audio-encoder-webm-vorbis: bf7c407c2cedff20999df2af8eb42d56 -> 
========================================================================
Received Import Request.
  path: Assets/Downloads/NatureStarterKit2/info.txt
  artifactKey: Guid(e47337031c34c7d438b6770da19acdf4) Importer(815301076,1909f56bfc062723c751e8b465ee728b)
Start importing Assets/Downloads/NatureStarterKit2/info.txt using Guid(e47337031c34c7d438b6770da19acdf4) Importer(815301076,1909f56bfc062723c751e8b465ee728b)  -> (artifact id: 'e34f2b9e1a3d9e5ed6c63155a881a9d3') in 0.078673 seconds 
========================================================================
Received Import Request.
  Time since last request: 10.619748 seconds.
  path: Assets/Downloads/NatureStarterKit2/Textures
  artifactKey: Guid(bf05804e364574741af6579b8610f8ce) Importer(815301076,1909f56bfc062723c751e8b465ee728b)
Start importing Assets/Downloads/NatureStarterKit2/Textures using Guid(bf05804e364574741af6579b8610f8ce) Importer(815301076,1909f56bfc062723c751e8b465ee728b)  -> (artifact id: '25f37b5df353f026840162cefde9bd7e') in 0.027935 seconds 
========================================================================
Received Import Request.
  Time since last request: 2.775294 seconds.
  path: Assets/Downloads/NatureStarterKit2/Standard Assets
  artifactKey: Guid(9b8ade7eba1f7d343843ab9f870b877f) Importer(815301076,1909f56bfc062723c751e8b465ee728b)
Start importing Assets/Downloads/NatureStarterKit2/Standard Assets using Guid(9b8ade7eba1f7d343843ab9f870b877f) Importer(815301076,1909f56bfc062723c751e8b465ee728b)  -> (artifact id: '986965bf38c5d5d12a2a4561561f74a3') in 0.028547 seconds 
========================================================================
Received Import Request.
  Time since last request: 1.949784 seconds.
  path: Assets/Downloads/NatureStarterKit2/Scene
  artifactKey: Guid(406b7a5b7a9ba0b41bf47a649b017346) Importer(815301076,1909f56bfc062723c751e8b465ee728b)
Start importing Assets/Downloads/NatureStarterKit2/Scene using Guid(406b7a5b7a9ba0b41bf47a649b017346) Importer(815301076,1909f56bfc062723c751e8b465ee728b)  -> (artifact id: '10eba880d304fe1f5b0d821ab113f694') in 0.029129 seconds 
========================================================================
Received Import Request.
  Time since last request: 0.084502 seconds.
  path: Assets/Downloads/NatureStarterKit2/Scene/New Terrain.asset
  artifactKey: Guid(32620d2a18d1d6543869088db9e2d1c5) Importer(815301076,1909f56bfc062723c751e8b465ee728b)
Start importing Assets/Downloads/NatureStarterKit2/Scene/New Terrain.asset using Guid(32620d2a18d1d6543869088db9e2d1c5) Importer(815301076,1909f56bfc062723c751e8b465ee728b) Received signal SIGSEGV
Stack trace:
0x00007ff653674d2a (Unity) CreateAssetToGUIDMappingV2
0x00007ff6536197f0 (Unity) AssetDatabase::CreateAssetToGUIDMapping
0x00007ff652b91870 (Unity) SplatDatabase::CreateTerrainLayerAsset
0x00007ff652b904c0 (Unity) SplatDatabase::ConvertSplatsToTerrainLayers
0x00007ff652b8d3ac (Unity) SplatDatabase::AwakeFromLoad
0x00007ff652bcaeb6 (Unity) TerrainData::AwakeFromLoad
0x00007ff6527c711f (Unity) AwakeFromLoadQueue::InvokePersistentManagerAwake
0x00007ff6527c7ab2 (Unity) AwakeFromLoadQueue::PersistentManagerAwakeFromLoad
0x00007ff6527c7c23 (Unity) AwakeFromLoadQueue::PersistentManagerAwakeFromLoad
0x00007ff65279a0c4 (Unity) PersistentManager::IntegrateAllThreadedObjects
0x00007ff65279ac07 (Unity) PersistentManager::LoadAndIntegrateAllPreallocatedObjects
0x00007ff65279e202 (Unity) PersistentManager::ReadObject
0x00007ff653612271 (Unity) WritePreviews
0x00007ff65360eb9e (Unity) PreviewImporter::GenerateAssetData
0x00007ff6536b1283 (Unity) ImportToObjects
0x00007ff6536b0258 (Unity) ImportAsset
0x00007ff6536490a8 (Unity) AssetImportWorker::Import
0x00007ff65366f21c (Unity) <lambda_b123f039090cb0dbc945ab4402a71fca>::operator()
0x00007ff6536f7732 (Unity) asio::detail::completion_handler<core::mutable_function<void __cdecl(void)> >::do_complete
0x00007ff6536f9890 (Unity) asio::detail::win_iocp_io_service::do_one
0x00007ff6536fd00e (Unity) asio::io_service::run
0x00007ff65369836b (Unity) RunAssetImportWorkerClientV2
0x00007ff6536983c0 (Unity) RunAssetImporterV2
0x00007ff653111539 (Unity) Application::InitializeProject
0x00007ff653590622 (Unity) WinMain
0x00007ff654c2df4e (Unity) __scrt_common_main_seh
0x00007ffde8633034 (KERNEL32) BaseThreadInitThunk
0x00007ffdea0c1431 (ntdll) RtlUserThreadStart

